# JRE version: Java(TM) SE Runtime Environment (8.0_111-b14) (build 1.8.0_111-b14)
# Java VM: Java HotSpot(TM) 64-Bit Server VM (25.111-b14 mixed mode windows-amd64 compressed oops)
Heap:
 PSYoungGen      total 5632K, used 737K [0x00000000eb580000, 0x00000000ef280000, 0x0000000100000000)
  eden space 3072K, 23% used [0x00000000eb580000,0x00000000eb638438,0x00000000eb880000)
  from space 2560K, 0% used [0x00000000ec780000,0x00000000ec780000,0x00000000eca00000)
  to   space 15360K, 0% used [0x00000000eb880000,0x00000000eb880000,0x00000000ec780000)
 ParOldGen       total 34304K, used 9164K [0x00000000c2000000, 0x00000000c4180000, 0x00000000eb580000)
  object space 34304K, 26% used [0x00000000c2000000,0x00000000c28f30c8,0x00000000c4180000)
 Metaspace       used 15763K, capacity 16004K, committed 16128K, reserved 1062912K
  class space    used 1951K, capacity 2027K, committed 2048K, reserved 1048576K
GC Heap History (10 events):
Event: 10.930 GC heap before
{Heap before GC invocations=3 (full 0):
 PSYoungGen      total 18432K, used 18425K [0x00000000eb580000, 0x00000000eca00000, 0x0000000100000000)
  eden space 15872K, 99% used [0x00000000eb580000,0x00000000ec4ffa70,0x00000000ec500000)
  from space 2560K, 99% used [0x00000000ec780000,0x00000000ec9fe9a0,0x00000000eca00000)
  to   space 2560K, 0% used [0x00000000ec500000,0x00000000ec500000,0x00000000ec780000)
 ParOldGen       total 42496K, used 5925K [0x00000000c2000000, 0x00000000c4980000, 0x00000000eb580000)
  object space 42496K, 13% used [0x00000000c2000000,0x00000000c25c95f8,0x00000000c4980000)
 Metaspace       used 15575K, capacity 15812K, committed 16128K, reserved 1062912K
  class space    used 1951K, capacity 2027K, committed 2048K, reserved 1048576K
Event: 10.937 GC heap after
Heap after GC invocations=3 (full 0):
 PSYoungGen      total 18432K, used 2555K [0x00000000eb580000, 0x00000000eca00000, 0x0000000100000000)
  eden space 15872K, 0% used [0x00000000eb580000,0x00000000eb580000,0x00000000ec500000)
  from space 2560K, 99% used [0x00000000ec500000,0x00000000ec77eed0,0x00000000ec780000)
  to   space 2560K, 0% used [0x00000000ec780000,0x00000000ec780000,0x00000000eca00000)
 ParOldGen       total 42496K, used 18049K [0x00000000c2000000, 0x00000000c4980000, 0x00000000eb580000)
  object space 42496K, 42% used [0x00000000c2000000,0x00000000c31a0770,0x00000000c4980000)
 Metaspace       used 15575K, capacity 15812K, committed 16128K, reserved 1062912K
  class space    used 1951K, capacity 2027K, committed 2048K, reserved 1048576K
}
Event: 11.128 GC heap before
{Heap before GC invocations=4 (full 0):
 PSYoungGen      total 18432K, used 17936K [0x00000000eb580000, 0x00000000eca00000, 0x0000000100000000)
  eden space 15872K, 96% used [0x00000000eb580000,0x00000000ec485510,0x00000000ec500000)
  from space 2560K, 99% used [0x00000000ec500000,0x00000000ec77eed0,0x00000000ec780000)
  to   space 2560K, 0% used [0x00000000ec780000,0x00000000ec780000,0x00000000eca00000)
 ParOldGen       total 42496K, used 18049K [0x00000000c2000000, 0x00000000c4980000, 0x00000000eb580000)
  object space 42496K, 42% used [0x00000000c2000000,0x00000000c31a0770,0x00000000c4980000)
 Metaspace       used 15632K, capacity 15876K, committed 16128K, reserved 1062912K
  class space    used 1951K, capacity 2027K, committed 2048K, reserved 1048576K
Event: 11.132 GC heap after
Heap after GC invocations=4 (full 0):
 PSYoungGen      total 18432K, used 2552K [0x00000000eb580000, 0x00000000eca00000, 0x0000000100000000)
  eden space 15872K, 0% used [0x00000000eb580000,0x00000000eb580000,0x00000000ec500000)
  from space 2560K, 99% used [0x00000000ec780000,0x00000000ec9fe3e8,0x00000000eca00000)
  to   space 2560K, 0% used [0x00000000ec500000,0x00000000ec500000,0x00000000ec780000)
 ParOldGen       total 42496K, used 21731K [0x00000000c2000000, 0x00000000c4980000, 0x00000000eb580000)
  object space 42496K, 51% used [0x00000000c2000000,0x00000000c3538d78,0x00000000c4980000)
 Metaspace       used 15632K, capacity 15876K, committed 16128K, reserved 1062912K
  class space    used 1951K, capacity 2027K, committed 2048K, reserved 1048576K
}
Event: 11.302 GC heap before
{Heap before GC invocations=5 (full 0):
 PSYoungGen      total 18432K, used 18271K [0x00000000eb580000, 0x00000000eca00000, 0x0000000100000000)
  eden space 15872K, 99% used [0x00000000eb580000,0x00000000ec4d9930,0x00000000ec500000)
  from space 2560K, 99% used [0x00000000ec780000,0x00000000ec9fe3e8,0x00000000eca00000)
  to   space 2560K, 0% used [0x00000000ec500000,0x00000000ec500000,0x00000000ec780000)
 ParOldGen       total 42496K, used 21731K [0x00000000c2000000, 0x00000000c4980000, 0x00000000eb580000)
  object space 42496K, 51% used [0x00000000c2000000,0x00000000c3538d78,0x00000000c4980000)
 Metaspace       used 15691K, capacity 15940K, committed 16128K, reserved 1062912K
  class space    used 1951K, capacity 2027K, committed 2048K, reserved 1048576K
Event: 11.308 GC heap after
Heap after GC invocations=5 (full 0):
 PSYoungGen      total 18432K, used 1072K [0x00000000eb580000, 0x00000000eca00000, 0x0000000100000000)
  eden space 15872K, 0% used [0x00000000eb580000,0x00000000eb580000,0x00000000ec500000)
  from space 2560K, 41% used [0x00000000ec500000,0x00000000ec60c090,0x00000000ec780000)
  to   space 2560K, 0% used [0x00000000ec780000,0x00000000ec780000,0x00000000eca00000)
 ParOldGen       total 42496K, used 27118K [0x00000000c2000000, 0x00000000c4980000, 0x00000000eb580000)
  object space 42496K, 63% used [0x00000000c2000000,0x00000000c3a7b9e8,0x00000000c4980000)
 Metaspace       used 15691K, capacity 15940K, committed 16128K, reserved 1062912K
  class space    used 1951K, capacity 2027K, committed 2048K, reserved 1048576K
}
Event: 15.754 GC heap before
{Heap before GC invocations=6 (full 0):
 PSYoungGen      total 18432K, used 16944K [0x00000000eb580000, 0x00000000eca00000, 0x0000000100000000)
  eden space 15872K, 100% used [0x00000000eb580000,0x00000000ec500000,0x00000000ec500000)
  from space 2560K, 41% used [0x00000000ec500000,0x00000000ec60c090,0x00000000ec780000)
  to   space 2560K, 0% used [0x00000000ec780000,0x00000000ec780000,0x00000000eca00000)
 ParOldGen       total 42496K, used 27118K [0x00000000c2000000, 0x00000000c4980000, 0x00000000eb580000)
  object space 42496K, 63% used [0x00000000c2000000,0x00000000c3a7b9e8,0x00000000c4980000)
 Metaspace       used 15763K, capacity 16004K, committed 16128K, reserved 1062912K
  class space    used 1951K, capacity 2027K, committed 2048K, reserved 1048576K
Event: 15.758 GC heap after
Heap after GC invocations=6 (full 0):
 PSYoungGen      total 5632K, used 1104K [0x00000000eb580000, 0x00000000ef280000, 0x0000000100000000)
  eden space 3072K, 0% used [0x00000000eb580000,0x00000000eb580000,0x00000000eb880000)
  from space 2560K, 43% used [0x00000000ec780000,0x00000000ec894090,0x00000000eca00000)
  to   space 15360K, 0% used [0x00000000eb880000,0x00000000eb880000,0x00000000ec780000)
 ParOldGen       total 42496K, used 34013K [0x00000000c2000000, 0x00000000c4980000, 0x00000000eb580000)
  object space 42496K, 80% used [0x00000000c2000000,0x00000000c41377f0,0x00000000c4980000)
 Metaspace       used 15763K, capacity 16004K, committed 16128K, reserved 1062912K
  class space    used 1951K, capacity 2027K, committed 2048K, reserved 1048576K
}
Event: 15.758 GC heap before
{Heap before GC invocations=7 (full 1):
 PSYoungGen      total 5632K, used 1104K [0x00000000eb580000, 0x00000000ef280000, 0x0000000100000000)
  eden space 3072K, 0% used [0x00000000eb580000,0x00000000eb580000,0x00000000eb880000)
  from space 2560K, 43% used [0x00000000ec780000,0x00000000ec894090,0x00000000eca00000)
  to   space 15360K, 0% used [0x00000000eb880000,0x00000000eb880000,0x00000000ec780000)
 ParOldGen       total 42496K, used 34013K [0x00000000c2000000, 0x00000000c4980000, 0x00000000eb580000)
  object space 42496K, 80% used [0x00000000c2000000,0x00000000c41377f0,0x00000000c4980000)
 Metaspace       used 15763K, capacity 16004K, committed 16128K, reserved 1062912K
  class space    used 1951K, capacity 2027K, committed 2048K, reserved 1048576K
Event: 15.779 GC heap after
Heap after GC invocations=7 (full 1):
 PSYoungGen      total 5632K, used 0K [0x00000000eb580000, 0x00000000ef280000, 0x0000000100000000)
  eden space 3072K, 0% used [0x00000000eb580000,0x00000000eb580000,0x00000000eb880000)
  from space 2560K, 0% used [0x00000000ec780000,0x00000000ec780000,0x00000000eca00000)
  to   space 15360K, 0% used [0x00000000eb880000,0x00000000eb880000,0x00000000ec780000)
 ParOldGen       total 34304K, used 5402K [0x00000000c2000000, 0x00000000c4180000, 0x00000000eb580000)
  object space 34304K, 15% used [0x00000000c2000000,0x00000000c2546960,0x00000000c4180000)
 Metaspace       used 15763K, capacity 16004K, committed 16128K, reserved 1062912K
  class space    used 1951K, capacity 2027K, committed 2048K, reserved 1048576K
}

