# JRE version: Java(TM) SE Runtime Environment (8.0_111-b14) (build 1.8.0_111-b14)
# Java VM: Java HotSpot(TM) 64-Bit Server VM (25.111-b14 mixed mode windows-amd64 compressed oops)
Heap:
 PSYoungGen      total 18432K, used 3909K [0x00000000eb580000, 0x00000000eca00000, 0x0000000100000000)
  eden space 15872K, 24% used [0x00000000eb580000,0x00000000eb951628,0x00000000ec500000)
  from space 2560K, 0% used [0x00000000ec780000,0x00000000ec780000,0x00000000eca00000)
  to   space 2560K, 0% used [0x00000000ec500000,0x00000000ec500000,0x00000000ec780000)
 ParOldGen       total 31744K, used 3533K [0x00000000c2000000, 0x00000000c3f00000, 0x00000000eb580000)
  object space 31744K, 11% used [0x00000000c2000000,0x00000000c23734a8,0x00000000c3f00000)
 Metaspace       used 14637K, capacity 14880K, committed 15104K, reserved 1067008K
  class space    used 1910K, capacity 1993K, committed 2048K, reserved 1048576K
GC Heap History (8 events):
Event: 0.533 GC heap before
{Heap before GC invocations=1 (full 0):
 PSYoungGen      total 18432K, used 5716K [0x00000000eb580000, 0x00000000eca00000, 0x0000000100000000)
  eden space 15872K, 36% used [0x00000000eb580000,0x00000000ebb15048,0x00000000ec500000)
  from space 2560K, 0% used [0x00000000ec780000,0x00000000ec780000,0x00000000eca00000)
  to   space 2560K, 0% used [0x00000000ec500000,0x00000000ec500000,0x00000000ec780000)
 ParOldGen       total 42496K, used 0K [0x00000000c2000000, 0x00000000c4980000, 0x00000000eb580000)
  object space 42496K, 0% used [0x00000000c2000000,0x00000000c2000000,0x00000000c4980000)
 Metaspace       used 9577K, capacity 9706K, committed 9856K, reserved 1062912K
  class space    used 1240K, capacity 1317K, committed 1408K, reserved 1048576K
Event: 0.536 GC heap after
Heap after GC invocations=1 (full 0):
 PSYoungGen      total 18432K, used 1712K [0x00000000eb580000, 0x00000000eca00000, 0x0000000100000000)
  eden space 15872K, 0% used [0x00000000eb580000,0x00000000eb580000,0x00000000ec500000)
  from space 2560K, 66% used [0x00000000ec500000,0x00000000ec6ac010,0x00000000ec780000)
  to   space 2560K, 0% used [0x00000000ec780000,0x00000000ec780000,0x00000000eca00000)
 ParOldGen       total 42496K, used 8K [0x00000000c2000000, 0x00000000c4980000, 0x00000000eb580000)
  object space 42496K, 0% used [0x00000000c2000000,0x00000000c2002000,0x00000000c4980000)
 Metaspace       used 9577K, capacity 9706K, committed 9856K, reserved 1062912K
  class space    used 1240K, capacity 1317K, committed 1408K, reserved 1048576K
}
Event: 0.536 GC heap before
{Heap before GC invocations=2 (full 1):
 PSYoungGen      total 18432K, used 1712K [0x00000000eb580000, 0x00000000eca00000, 0x0000000100000000)
  eden space 15872K, 0% used [0x00000000eb580000,0x00000000eb580000,0x00000000ec500000)
  from space 2560K, 66% used [0x00000000ec500000,0x00000000ec6ac010,0x00000000ec780000)
  to   space 2560K, 0% used [0x00000000ec780000,0x00000000ec780000,0x00000000eca00000)
 ParOldGen       total 42496K, used 8K [0x00000000c2000000, 0x00000000c4980000, 0x00000000eb580000)
  object space 42496K, 0% used [0x00000000c2000000,0x00000000c2002000,0x00000000c4980000)
 Metaspace       used 9577K, capacity 9706K, committed 9856K, reserved 1062912K
  class space    used 1240K, capacity 1317K, committed 1408K, reserved 1048576K
Event: 0.547 GC heap after
Heap after GC invocations=2 (full 1):
 PSYoungGen      total 18432K, used 0K [0x00000000eb580000, 0x00000000eca00000, 0x0000000100000000)
  eden space 15872K, 0% used [0x00000000eb580000,0x00000000eb580000,0x00000000ec500000)
  from space 2560K, 0% used [0x00000000ec500000,0x00000000ec500000,0x00000000ec780000)
  to   space 2560K, 0% used [0x00000000ec780000,0x00000000ec780000,0x00000000eca00000)
 ParOldGen       total 31744K, used 1604K [0x00000000c2000000, 0x00000000c3f00000, 0x00000000eb580000)
  object space 31744K, 5% used [0x00000000c2000000,0x00000000c2191340,0x00000000c3f00000)
 Metaspace       used 9577K, capacity 9706K, committed 9856K, reserved 1060864K
  class space    used 1240K, capacity 1317K, committed 1408K, reserved 1048576K
}
Event: 2.491 GC heap before
{Heap before GC invocations=3 (full 1):
 PSYoungGen      total 18432K, used 5320K [0x00000000eb580000, 0x00000000eca00000, 0x0000000100000000)
  eden space 15872K, 33% used [0x00000000eb580000,0x00000000ebab2340,0x00000000ec500000)
  from space 2560K, 0% used [0x00000000ec500000,0x00000000ec500000,0x00000000ec780000)
  to   space 2560K, 0% used [0x00000000ec780000,0x00000000ec780000,0x00000000eca00000)
 ParOldGen       total 31744K, used 1604K [0x00000000c2000000, 0x00000000c3f00000, 0x00000000eb580000)
  object space 31744K, 5% used [0x00000000c2000000,0x00000000c2191340,0x00000000c3f00000)
 Metaspace       used 13677K, capacity 13856K, committed 13952K, reserved 1067008K
  class space    used 1801K, capacity 1865K, committed 1920K, reserved 1048576K
Event: 2.493 GC heap after
Heap after GC invocations=3 (full 1):
 PSYoungGen      total 18432K, used 2098K [0x00000000eb580000, 0x00000000eca00000, 0x0000000100000000)
  eden space 15872K, 0% used [0x00000000eb580000,0x00000000eb580000,0x00000000ec500000)
  from space 2560K, 81% used [0x00000000ec780000,0x00000000ec98cae0,0x00000000eca00000)
  to   space 2560K, 0% used [0x00000000ec500000,0x00000000ec500000,0x00000000ec780000)
 ParOldGen       total 31744K, used 1612K [0x00000000c2000000, 0x00000000c3f00000, 0x00000000eb580000)
  object space 31744K, 5% used [0x00000000c2000000,0x00000000c2193340,0x00000000c3f00000)
 Metaspace       used 13677K, capacity 13856K, committed 13952K, reserved 1067008K
  class space    used 1801K, capacity 1865K, committed 1920K, reserved 1048576K
}
Event: 2.493 GC heap before
{Heap before GC invocations=4 (full 2):
 PSYoungGen      total 18432K, used 2098K [0x00000000eb580000, 0x00000000eca00000, 0x0000000100000000)
  eden space 15872K, 0% used [0x00000000eb580000,0x00000000eb580000,0x00000000ec500000)
  from space 2560K, 81% used [0x00000000ec780000,0x00000000ec98cae0,0x00000000eca00000)
  to   space 2560K, 0% used [0x00000000ec500000,0x00000000ec500000,0x00000000ec780000)
 ParOldGen       total 31744K, used 1612K [0x00000000c2000000, 0x00000000c3f00000, 0x00000000eb580000)
  object space 31744K, 5% used [0x00000000c2000000,0x00000000c2193340,0x00000000c3f00000)
 Metaspace       used 13677K, capacity 13856K, committed 13952K, reserved 1067008K
  class space    used 1801K, capacity 1865K, committed 1920K, reserved 1048576K
Event: 2.522 GC heap after
Heap after GC invocations=4 (full 2):
 PSYoungGen      total 18432K, used 0K [0x00000000eb580000, 0x00000000eca00000, 0x0000000100000000)
  eden space 15872K, 0% used [0x00000000eb580000,0x00000000eb580000,0x00000000ec500000)
  from space 2560K, 0% used [0x00000000ec780000,0x00000000ec780000,0x00000000eca00000)
  to   space 2560K, 0% used [0x00000000ec500000,0x00000000ec500000,0x00000000ec780000)
 ParOldGen       total 31744K, used 3533K [0x00000000c2000000, 0x00000000c3f00000, 0x00000000eb580000)
  object space 31744K, 11% used [0x00000000c2000000,0x00000000c23734a8,0x00000000c3f00000)
 Metaspace       used 13677K, capacity 13856K, committed 13952K, reserved 1064960K
  class space    used 1801K, capacity 1865K, committed 1920K, reserved 1048576K
}

